#separator \x09
#set_separator	,
#empty_field	(empty)
#unset_field	-
#path	weird
#open	2016-03-29-08-48-12
#fields	ts	uid	id.orig_h	id.orig_p	id.resp_h	id.resp_p	name	addl	notice	peer
#types	time	string	addr	port	addr	port	string	string	bool	string
1459212343.874631	-	-	-	-	-	truncated_IP	-	F	bro
1459212345.705590	-	-	-	-	-	unknown_packet_type	-	F	bro
1459212346.189619	-	-	-	-	-	unknown_protocol_103	-	F	bro
1459212350.355511	-	-	-	-	-	unknown_protocol_89	-	F	bro
1459212350.379043	-	-	-	-	-	unknown_protocol_2	-	F	bro
1459212352.970411	-	-	-	-	-	dns_unmatched_msg	-	F	bro
1459212352.970411	-	-	-	-	-	dns_unmatched_msg	-	F	bro
1459212352.981982	-	-	-	-	-	dns_unmatched_msg	-	F	bro
1459212352.981982	-	-	-	-	-	dns_unmatched_msg	-	F	bro
1459212352.984408	-	-	-	-	-	dns_unmatched_msg	-	F	bro
1459212352.984408	-	-	-	-	-	dns_unmatched_msg	-	F	bro
1459212353.343236	-	-	-	-	-	dns_unmatched_msg	-	F	bro
1459212354.320509	-	-	-	-	-	dns_unmatched_msg	-	F	bro
1459212354.321021	-	-	-	-	-	dns_unmatched_msg	-	F	bro
1459212355.027107	-	-	-	-	-	dns_unmatched_msg	-	F	bro
1459212355.027107	-	-	-	-	-	dns_unmatched_msg	-	F	bro
1459212355.453491	-	-	-	-	-	dns_unmatched_msg	-	F	bro
1459212356.569883	-	-	-	-	-	dns_unmatched_msg	-	F	bro
1459212356.569883	-	-	-	-	-	dns_unmatched_msg	-	F	bro
1459212357.004537	-	-	-	-	-	dns_unmatched_msg	-	F	bro
1459212357.004537	-	-	-	-	-	dns_unmatched_msg	-	F	bro
1459212357.562120	-	-	-	-	-	dns_unmatched_msg	-	F	bro
1459212357.938153	-	-	-	-	-	dns_unmatched_msg	-	F	bro
1459212357.940033	-	-	-	-	-	dns_unmatched_msg	-	F	bro
1459212358.593346	-	-	-	-	-	dns_unmatched_msg	-	F	bro
1459212358.593346	-	-	-	-	-	dns_unmatched_msg	-	F	bro
1459212358.726135	-	-	-	-	-	dns_unmatched_msg	-	F	bro
1459212358.727510	-	-	-	-	-	dns_unmatched_msg	-	F	bro
1459212359.015691	CUzaTk1zulHDKkKuF3	192.168.99.111	33049	106.39.170.23	80	unescaped_special_URI_char	-	F	bro
1459212359.116293	CTUoWX1mZMGbQnoWCa	192.168.99.111	59201	211.152.123.232	80	unescaped_special_URI_char	-	F	bro
1459212359.648101	-	-	-	-	-	dns_unmatched_msg	-	F	bro
1459212359.648101	-	-	-	-	-	dns_unmatched_msg	-	F	bro
1459212360.379432	-	-	-	-	-	dns_unmatched_msg	-	F	bro
1459212360.379678	-	-	-	-	-	dns_unmatched_msg	-	F	bro
1459212360.428812	-	-	-	-	-	dns_unmatched_msg	-	F	bro
1459212360.429061	-	-	-	-	-	dns_unmatched_msg	-	F	bro
1459212360.817693	-	-	-	-	-	dns_unmatched_msg	-	F	bro
1459212360.817939	-	-	-	-	-	dns_unmatched_msg	-	F	bro
1459212360.898042	-	-	-	-	-	unknown_protocol_139	-	F	bro
1459212361.163527	-	-	-	-	-	dns_unmatched_msg	-	F	bro
1459212361.163527	-	-	-	-	-	dns_unmatched_msg	-	F	bro
1459212362.180278	-	-	-	-	-	dns_unmatched_msg	-	F	bro
1459212362.180278	-	-	-	-	-	dns_unmatched_msg	-	F	bro
1459212362.380463	-	-	-	-	-	dns_unmatched_msg	-	F	bro
1459212362.380463	-	-	-	-	-	dns_unmatched_msg	-	F	bro
1459212363.014536	-	-	-	-	-	dns_unmatched_msg	-	F	bro
1459212363.014536	-	-	-	-	-	dns_unmatched_msg	-	F	bro
1459212363.046758	-	-	-	-	-	dns_unmatched_msg	-	F	bro
1459212363.271344	-	-	-	-	-	dns_unmatched_msg	-	F	bro
1459212363.581933	-	-	-	-	-	dns_unmatched_msg	-	F	bro
1459212363.629029	-	-	-	-	-	dns_unmatched_msg	-	F	bro
1459212363.818527	-	-	-	-	-	dns_unmatched_msg	-	F	bro
1459212363.818527	-	-	-	-	-	dns_unmatched_msg	-	F	bro
1459212364.124005	-	-	-	-	-	dns_unmatched_msg	-	F	bro
1459212364.124005	-	-	-	-	-	dns_unmatched_msg	-	F	bro
1459212364.643989	-	-	-	-	-	dns_unmatched_msg	-	F	bro
1459212366.592189	-	-	-	-	-	dns_unmatched_msg	-	F	bro
1459212367.284859	-	-	-	-	-	dns_unmatched_msg	-	F	bro
1459212367.284859	-	-	-	-	-	dns_unmatched_msg	-	F	bro
1459212367.996826	-	-	-	-	-	dns_unmatched_msg	-	F	bro
1459212367.996826	-	-	-	-	-	dns_unmatched_msg	-	F	bro
1459212368.893784	-	-	-	-	-	dns_unmatched_msg	-	F	bro
1459212369.486612	-	-	-	-	-	dns_unmatched_msg	-	F	bro
1459212369.486612	-	-	-	-	-	dns_unmatched_msg	-	F	bro
1459212370.679942	-	-	-	-	-	dns_unmatched_msg	-	F	bro
1459212370.835305	-	-	-	-	-	dns_unmatched_msg	-	F	bro
1459212371.020043	-	-	-	-	-	dns_unmatched_msg	-	F	bro
1459212371.020518	-	-	-	-	-	dns_unmatched_msg	-	F	bro
1459212371.727837	-	-	-	-	-	dns_unmatched_msg	-	F	bro
1459212371.844185	-	-	-	-	-	dns_unmatched_msg	-	F	bro
1459212372.180433	-	-	-	-	-	dns_unmatched_msg	-	F	bro
1459212372.381623	-	-	-	-	-	dns_unmatched_msg	-	F	bro
1459212373.329198	-	-	-	-	-	dns_unmatched_msg	-	F	bro
1459212373.820730	-	-	-	-	-	dns_unmatched_msg	-	F	bro
1459212374.419101	-	-	-	-	-	dns_unmatched_msg	-	F	bro
1459212374.922887	-	-	-	-	-	dns_unmatched_msg	-	F	bro
1459212374.922887	-	-	-	-	-	dns_unmatched_msg	-	F	bro
1459212375.050936	CGjDpu4mYXQpyhpZAi	192.168.99.111	34754	43.250.12.24	80	unescaped_special_URI_char	-	F	bro
1459212375.056400	CQPokF3vNZ2W0LT8Ij	192.168.99.111	58997	43.250.15.31	80	unescaped_special_URI_char	-	F	bro
1459212375.101368	CDi63g3s5PHihzGuCk	192.168.99.111	34756	43.250.12.24	80	unescaped_special_URI_char	-	F	bro
1459212376.100636	-	-	-	-	-	dns_unmatched_msg	-	F	bro
1459212377.589394	-	-	-	-	-	dns_unmatched_msg	-	F	bro
1459212379.049646	CgNrvpiRAP0Kx7A85	192.168.99.111	56634	140.205.99.1	80	TCP_ack_underflow_or_misorder	-	F	bro
1459212379.127053	CVomhq12NTs1pZajh8	192.168.99.111	59001	43.250.15.31	80	unescaped_special_URI_char	-	F	bro
1459212379.774203	-	-	-	-	-	dns_unmatched_msg	-	F	bro
1459212380.457212	-	-	-	-	-	dns_unmatched_msg	-	F	bro
1459212380.743221	-	-	-	-	-	dns_unmatched_msg	-	F	bro
1459212381.321680	-	-	-	-	-	dns_unmatched_msg	-	F	bro
1459212384.758261	-	-	-	-	-	dns_unmatched_msg	-	F	bro
1459212384.758261	-	-	-	-	-	dns_unmatched_msg	-	F	bro
1459212384.929440	-	-	-	-	-	dns_unmatched_msg	-	F	bro
1459212387.566287	-	-	-	-	-	dns_unmatched_msg	-	F	bro
1459212388.409188	-	-	-	-	-	dns_unmatched_msg	-	F	bro
1459212388.409446	-	-	-	-	-	dns_unmatched_msg	-	F	bro
1459212389.048312	-	-	-	-	-	dns_unmatched_msg	-	F	bro
1459212390.413349	-	-	-	-	-	dns_unmatched_msg	-	F	bro
1459212390.413349	-	-	-	-	-	dns_unmatched_msg	-	F	bro
1459212390.951195	Cr0HUF3qScZ4XXHoFj	192.168.99.111	54943	60.207.246.98	80	above_hole_data_without_any_acks	-	F	bro
1459212391.076029	C66zRNX1ukfjjXg79	211.71.67.46	5353	224.0.0.251	5353	dns_unmatched_reply	-	F	bro
1459212391.076375	Ciz2yU2u2724G1i2lf	fe80::9a4b:e1ff:fe3f:5464	5353	ff02::fb	5353	dns_unmatched_reply	-	F	bro
1459212391.187576	Cfy7Uj2UxJdv9YLrr5	192.168.99.111	37399	223.252.195.164	80	unescaped_%_in_URI	-	F	bro
1459212391.820462	-	-	-	-	-	dns_unmatched_msg	-	F	bro
1459212393.007847	-	-	-	-	-	dns_unmatched_msg	-	F	bro
1459212394.758429	-	-	-	-	-	dns_unmatched_msg	-	F	bro
1459212395.111576	-	-	-	-	-	dns_unmatched_msg	-	F	bro
1459212395.111576	-	-	-	-	-	dns_unmatched_msg	-	F	bro
1459212396.915594	-	-	-	-	-	dns_unmatched_msg	-	F	bro
1459212397.115483	-	-	-	-	-	dns_unmatched_msg	-	F	bro
1459212397.115483	-	-	-	-	-	dns_unmatched_msg	-	F	bro
1459212398.247987	-	-	-	-	-	dns_unmatched_msg	-	F	bro
1459212398.642833	-	-	-	-	-	dns_unmatched_msg	-	F	bro
1459212398.642833	-	-	-	-	-	dns_unmatched_msg	-	F	bro
1459212399.472146	CVW7Y03KfObSdp1jHj	219.242.112.15	5353	224.0.0.251	5353	dns_unmatched_reply	-	F	bro
1459212400.691271	-	-	-	-	-	dns_unmatched_msg	-	F	bro
1459212401.088925	CUiFXx1Z5If12QOLP1	192.168.99.111	37440	223.252.195.164	80	unescaped_%_in_URI	-	F	bro
1459212403.250672	-	-	-	-	-	dns_unmatched_msg	-	F	bro
1459212403.255565	-	-	-	-	-	dns_unmatched_msg	-	F	bro
1459212403.280686	-	-	-	-	-	dns_unmatched_msg	-	F	bro
1459212405.113071	-	-	-	-	-	dns_unmatched_msg	-	F	bro
1459212405.650159	-	-	-	-	-	dns_unmatched_msg	-	F	bro
1459212405.680232	-	-	-	-	-	dns_unmatched_msg	-	F	bro
1459212405.680232	-	-	-	-	-	dns_unmatched_msg	-	F	bro
1459212406.065410	-	-	-	-	-	dns_unmatched_msg	-	F	bro
1459212406.065727	-	-	-	-	-	dns_unmatched_msg	-	F	bro
1459212406.365724	-	-	-	-	-	dns_unmatched_msg	-	F	bro
1459212406.365724	-	-	-	-	-	dns_unmatched_msg	-	F	bro
1459212406.390819	-	-	-	-	-	dns_unmatched_msg	-	F	bro
1459212406.391684	-	-	-	-	-	dns_unmatched_msg	-	F	bro
1459212406.946110	-	-	-	-	-	dns_unmatched_msg	-	F	bro
1459212406.946110	-	-	-	-	-	dns_unmatched_msg	-	F	bro
1459212407.419477	-	-	-	-	-	dns_unmatched_msg	-	F	bro
1459212408.230075	-	-	-	-	-	dns_unmatched_msg	-	F	bro
1459212408.230075	-	-	-	-	-	dns_unmatched_msg	-	F	bro
1459212408.544449	-	-	-	-	-	dns_unmatched_msg	-	F	bro
1459212408.544449	-	-	-	-	-	dns_unmatched_msg	-	F	bro
1459212409.479657	-	-	-	-	-	dns_unmatched_msg	-	F	bro
1459212410.090248	-	-	-	-	-	dns_unmatched_msg	-	F	bro
1459212410.090248	-	-	-	-	-	dns_unmatched_msg	-	F	bro
1459212410.896014	-	-	-	-	-	dns_unmatched_msg	-	F	bro
1459212411.092184	-	-	-	-	-	dns_unmatched_msg	-	F	bro
1459212411.092184	-	-	-	-	-	dns_unmatched_msg	-	F	bro
1459212411.092184	-	-	-	-	-	dns_unmatched_msg	-	F	bro
1459212413.257201	-	-	-	-	-	dns_unmatched_msg	-	F	bro
1459212413.330548	CNS21U1ZcMagtcXSn6	192.168.99.111	34973	43.250.12.24	80	unescaped_special_URI_char	-	F	bro
1459212413.330789	CWx74o26CQPkwKvfBc	192.168.99.111	34972	43.250.12.24	80	unescaped_special_URI_char	-	F	bro
1459212413.370453	COPsaK3BNDgLyreU9c	192.168.99.111	59217	43.250.15.31	80	unescaped_special_URI_char	-	F	bro
1459212415.974150	-	-	-	-	-	dns_unmatched_msg	-	F	bro
1459212416.039352	-	-	-	-	-	dns_unmatched_msg	-	F	bro
1459212416.365278	-	-	-	-	-	dns_unmatched_msg	-	F	bro
1459212416.367456	-	-	-	-	-	dns_unmatched_msg	-	F	bro
1459212416.395413	-	-	-	-	-	dns_unmatched_msg	-	F	bro
1459212417.215713	-	-	-	-	-	dns_unmatched_msg	-	F	bro
1459212417.382457	CI0uoS2zdhguxpovaf	192.168.99.111	59221	43.250.15.31	80	unescaped_special_URI_char	-	F	bro
1459212418.842033	-	-	-	-	-	dns_unmatched_msg	-	F	bro
1459212420.385641	-	-	-	-	-	dns_unmatched_msg	-	F	bro
1459212420.563791	-	-	-	-	-	dns_unmatched_msg	-	F	bro
1459212420.564334	-	-	-	-	-	dns_unmatched_msg	-	F	bro
1459212422.932265	-	-	-	-	-	dns_unmatched_msg	-	F	bro
1459212422.946779	-	-	-	-	-	dns_unmatched_msg	-	F	bro
1459212423.348206	-	-	-	-	-	dns_unmatched_msg	-	F	bro
1459212424.323542	-	-	-	-	-	dns_unmatched_msg	-	F	bro
1459212425.830085	-	-	-	-	-	dns_unmatched_msg	-	F	bro
1459212426.903275	-	-	-	-	-	dns_unmatched_msg	-	F	bro
1459212426.903275	-	-	-	-	-	dns_unmatched_msg	-	F	bro
1459212426.903275	-	-	-	-	-	dns_unmatched_msg	-	F	bro
1459212426.903275	-	-	-	-	-	dns_unmatched_msg	-	F	bro
1459212426.903275	-	-	-	-	-	dns_unmatched_msg	-	F	bro
1459212426.903275	-	-	-	-	-	dns_unmatched_msg	-	F	bro
#close	2016-03-29-08-48-13
